<?xml version="1.0" encoding="UTF-8"?>
<testng-results skipped="0" failed="0" total="1" passed="1">
  <reporter-output>
  </reporter-output>
  <suite name="Command line suite" duration-ms="9912" started-at="2016-11-26T21:08:05Z" finished-at="2016-11-26T21:08:15Z">
    <groups>
    </groups>
    <test name="Command line test" duration-ms="9912" started-at="2016-11-26T21:08:05Z" finished-at="2016-11-26T21:08:15Z">
      <class name="com.test.first.sampleTest.LoginTest">
        <test-method status="PASS" signature="setup()[pri:0, instance:com.test.first.sampleTest.LoginTest@10f6bfd]" name="setup" is-config="true" duration-ms="9890" started-at="2016-11-27T02:38:05Z" finished-at="2016-11-27T02:38:14Z">
          <reporter-output>
          </reporter-output>
        </test-method> <!-- setup -->
      </class> <!-- com.test.first.sampleTest.LoginTest -->
      <class name="com.test.first.sampleTest.FirstExampleTest">
        <test-method status="PASS" signature="test()[pri:0, instance:com.test.first.sampleTest.FirstExampleTest@15435c]" name="test" duration-ms="0" started-at="2016-11-27T02:38:15Z" finished-at="2016-11-27T02:38:15Z">
          <reporter-output>
          </reporter-output>
        </test-method> <!-- test -->
      </class> <!-- com.test.first.sampleTest.FirstExampleTest -->
    </test> <!-- Command line test -->
  </suite> <!-- Command line suite -->
</testng-results>
