<?xml version="1.0" encoding="UTF-8"?>
<testng-results skipped="0" failed="0" total="1" passed="1">
  <reporter-output>
  </reporter-output>
  <suite name="Suite" duration-ms="20470" started-at="2016-11-26T21:59:38Z" finished-at="2016-11-26T21:59:59Z">
    <groups>
    </groups>
    <test name="Test" duration-ms="20470" started-at="2016-11-26T21:59:38Z" finished-at="2016-11-26T21:59:59Z">
      <class name="com.test.first.sampleTest.LoginTest">
        <test-method status="PASS" signature="setup()[pri:0, instance:com.test.first.sampleTest.LoginTest@83b407]" name="setup" is-config="true" duration-ms="11017" started-at="2016-11-27T03:29:38Z" finished-at="2016-11-27T03:29:49Z">
          <reporter-output>
          </reporter-output>
        </test-method> <!-- setup -->
        <test-method status="PASS" signature="disptitle()[pri:0, instance:com.test.first.sampleTest.LoginTest@83b407]" name="disptitle" duration-ms="6231" started-at="2016-11-27T03:29:49Z" finished-at="2016-11-27T03:29:56Z">
          <reporter-output>
          </reporter-output>
        </test-method> <!-- disptitle -->
        <test-method status="PASS" signature="close()[pri:0, instance:com.test.first.sampleTest.LoginTest@83b407]" name="close" is-config="true" duration-ms="3188" started-at="2016-11-27T03:29:56Z" finished-at="2016-11-27T03:29:59Z">
          <reporter-output>
          </reporter-output>
        </test-method> <!-- close -->
      </class> <!-- com.test.first.sampleTest.LoginTest -->
    </test> <!-- Test -->
  </suite> <!-- Suite -->
</testng-results>
